[2026-01-24 05:03:00.667 PM] info: 	Server is running on http://localhost:3000
[2026-01-24 05:03:13.376 PM] info: 	Server is running on http://localhost:3000
[2026-01-24 05:03:14.126 PM] info: 	Connected to MongoDB
[2026-01-24 05:04:10.992 PM] info: 	Server is running on http://localhost:3000
[2026-01-24 05:04:12.345 PM] info: 	Connected to MongoDB
[2026-01-24 05:24:08.974 PM] info: 	Server is running on http://localhost:3000
[2026-01-24 05:24:09.981 PM] info: 	Connected to MongoDB
[2026-01-24 05:24:21.116 PM] info: 	Server is running on http://localhost:3000
[2026-01-24 05:24:22.588 PM] info: 	Connected to MongoDB
[2026-01-24 05:25:07.835 PM] info: 	Server is running on http://localhost:3000
[2026-01-24 05:25:08.771 PM] info: 	Connected to MongoDB
[2026-01-24 05:37:07.508 PM] info: 	Server is running on http://localhost:3000
[2026-01-24 05:37:09.617 PM] info: 	Connected to MongoDB
[2026-01-24 05:41:04.267 PM] info: 	Server is running on http://localhost:3000
[2026-01-24 05:41:05.547 PM] info: 	Connected to MongoDB
[2026-01-24 05:42:33.974 PM] info: 	Server is running on http://localhost:3000
[2026-01-24 05:42:35.056 PM] info: 	Connected to MongoDB
[2026-01-24 05:42:52.230 PM] info: 	Server is running on http://localhost:3000
[2026-01-24 05:42:52.928 PM] info: 	Connected to MongoDB
[2026-01-24 05:44:25.159 PM] info: 	Server is running on http://localhost:3000
[2026-01-24 05:44:26.353 PM] info: 	Connected to MongoDB
[2026-01-24 05:50:45.335 PM] info: 	Server is running on http://localhost:3000
[2026-01-24 05:50:49.659 PM] info: 	Connected to MongoDB
[2026-01-24 05:57:11.741 PM] info: 	Server is running on http://localhost:3000
[2026-01-24 05:57:13.284 PM] info: 	Connected to MongoDB
[2026-01-24 06:22:03.449 PM] info: 	Server is running on http://localhost:3000
[2026-01-24 06:22:04.540 PM] info: 	Connected to MongoDB
[2026-01-24 07:01:22.401 PM] info: 	Server is running on http://localhost:3000
[2026-01-24 07:01:24.253 PM] info: 	Connected to MongoDB
[2026-01-24 07:06:42.427 PM] info: 	Server is running on http://localhost:3000
[2026-01-24 07:06:43.990 PM] info: 	Connected to MongoDB
[2026-01-24 09:26:03.943 PM] info: 	Server is running on http://localhost:3000
[2026-01-24 09:26:10.173 PM] info: 	Connected to MongoDB
[2026-01-24 09:27:28.677 PM] info: 	Server is running on http://localhost:3000
[2026-01-24 09:27:33.790 PM] info: 	Connected to MongoDB
[2026-01-24 09:29:13.564 PM] info: 	Server is running on http://localhost:3000
[2026-01-24 09:29:23.901 PM] info: 	Connected to MongoDB
[2026-01-24 09:34:21.882 PM] info: 	Server is running on http://localhost:3000
[2026-01-24 09:34:23.549 PM] info: 	Connected to MongoDB
[2026-01-24 09:34:39.779 PM] info: 	Server is running on http://localhost:3000
[2026-01-24 09:34:40.896 PM] info: 	Connected to MongoDB
[2026-01-24 09:40:03.945 PM] info: 	Server is running on http://localhost:3000
[2026-01-24 09:40:10.505 PM] info: 	Connected to MongoDB
[2026-01-24 09:45:41.460 PM] info: 	Server is running on http://localhost:3000
[2026-01-24 09:45:48.447 PM] info: 	Connected to MongoDB
[2026-02-03 09:07:06.134 PM] info: 	Server is running on http://localhost:3000
[2026-02-03 09:07:07.582 PM] info: 	Connected to MongoDB
[2026-02-03 09:44:16.179 PM] info: 	Server is running on http://localhost:3000
[2026-02-03 09:44:17.372 PM] info: 	Connected to MongoDB
[2026-02-03 09:45:41.954 PM] error: 	"existingImages" is not allowed
[2026-02-03 09:46:02.714 PM] error: 	"existingImages" is not allowed
[2026-02-03 09:46:16.239 PM] info: 	Server is running on http://localhost:3000
[2026-02-03 09:46:17.081 PM] info: 	Connected to MongoDB
[2026-04-08 11:41:12.817 PM] info: 	Server is running on http://localhost:3000
[2026-04-08 11:41:13.802 PM] info: 	Connected to MongoDB
[2026-04-08 11:43:22.890 PM] info: 	Server is running on http://localhost:3000
[2026-04-08 11:43:23.745 PM] info: 	Connected to MongoDB
[2026-04-08 11:50:17.943 PM] error: 	"couponCode" is not allowed
[2026-04-08 11:50:27.686 PM] error: 	"couponCode" is not allowed
[2026-04-08 11:50:37.332 PM] error: 	"couponCode" is not allowed
[2026-04-08 11:51:37.556 PM] info: 	Server is running on http://localhost:3000
[2026-04-08 11:51:39.023 PM] info: 	Connected to MongoDB
[2026-04-08 11:52:05.193 PM] error: 	"status" must be one of [Placed, Preparing, Out for Delivery, Delivered, Cancelled]
[2026-04-08 11:52:08.368 PM] error: 	"status" must be one of [Placed, Preparing, Out for Delivery, Delivered, Cancelled]
[2026-04-08 11:52:11.489 PM] error: 	"status" must be one of [Placed, Preparing, Out for Delivery, Delivered, Cancelled]
[2026-04-08 11:53:28.466 PM] error: 	"status" must be one of [Placed, Preparing, Out for Delivery, Delivered, Cancelled]
[2026-04-09 12:02:05.894 AM] info: 	Server is running on http://localhost:3000
[2026-04-09 12:02:07.844 AM] info: 	Connected to MongoDB
[2026-04-09 12:02:15.194 AM] info: 	Server is running on http://localhost:3000
[2026-04-09 12:02:16.133 AM] info: 	Connected to MongoDB
[2026-04-09 12:02:19.920 AM] info: 	Server is running on http://localhost:3000
[2026-04-09 12:02:20.748 AM] info: 	Connected to MongoDB
[2026-04-09 12:02:27.119 AM] info: 	Server is running on http://localhost:3000
[2026-04-09 12:02:27.890 AM] info: 	Connected to MongoDB
[2026-04-09 12:03:51.044 AM] info: 	Server is running on http://localhost:3000
[2026-04-09 12:03:52.220 AM] info: 	Connected to MongoDB
[2026-04-09 12:08:48.798 AM] info: 	Server is running on http://localhost:3000
[2026-04-09 12:08:49.764 AM] info: 	Connected to MongoDB
[2026-04-09 07:51:09.469 PM] info: 	Server is running on http://localhost:3000
[2026-04-09 07:51:11.304 PM] info: 	Connected to MongoDB
[2026-04-09 07:58:33.629 PM] info: 	Server is running on http://localhost:3000
[2026-04-09 07:58:34.959 PM] info: 	Connected to MongoDB
[2026-04-09 08:02:32.243 PM] info: 	Server is running on http://localhost:3000
[2026-04-09 08:02:33.009 PM] info: 	Connected to MongoDB
[2026-04-09 08:02:37.599 PM] info: 	Server is running on http://localhost:3000
[2026-04-09 08:02:38.594 PM] info: 	Connected to MongoDB
[2026-04-09 08:32:44.913 PM] info: 	Server is running on http://localhost:3000
[2026-04-09 08:32:45.973 PM] info: 	Connected to MongoDB
[2026-04-09 08:37:33.445 PM] info: 	Server is running on http://localhost:3000
[2026-04-09 08:37:34.263 PM] info: 	Connected to MongoDB
[2026-04-09 09:18:27.652 PM] info: 	Server is running on http://localhost:3000
[2026-04-09 09:18:28.654 PM] info: 	Connected to MongoDB
[2026-04-09 09:22:29.825 PM] info: 	Server is running on http://localhost:3000
[2026-04-09 09:22:30.806 PM] info: 	Connected to MongoDB
[2026-04-09 09:22:42.272 PM] info: 	Server is running on http://localhost:3000
[2026-04-09 09:22:43.129 PM] info: 	Connected to MongoDB
[2026-04-09 09:24:07.793 PM] error: 	Not found
[2026-04-09 09:24:21.397 PM] error: 	Not found
[2026-04-09 09:25:54.423 PM] info: 	Server is running on http://localhost:3000
[2026-04-09 09:25:56.690 PM] info: 	Connected to MongoDB
[2026-04-09 10:40:25.951 PM] info: 	Server is running on http://localhost:3000
[2026-04-09 10:40:26.837 PM] info: 	Connected to MongoDB
[2026-04-09 10:40:42.273 PM] info: 	Server is running on http://localhost:3000
[2026-04-09 10:40:43.012 PM] info: 	Connected to MongoDB
[2026-04-09 10:40:52.018 PM] info: 	Server is running on http://localhost:3000
[2026-04-09 10:40:52.773 PM] info: 	Connected to MongoDB
[2026-04-09 10:41:02.666 PM] info: 	Server is running on http://localhost:3000
[2026-04-09 10:41:03.476 PM] info: 	Connected to MongoDB
[2026-04-09 10:41:13.344 PM] info: 	Server is running on http://localhost:3000
[2026-04-09 10:41:14.080 PM] info: 	Connected to MongoDB
[2026-04-09 10:43:36.897 PM] info: 	Server is running on http://localhost:3000
[2026-04-09 10:43:37.642 PM] info: 	Connected to MongoDB
[2026-04-09 10:49:14.268 PM] info: 	Server is running on http://localhost:3000
[2026-04-09 10:49:15.062 PM] info: 	Connected to MongoDB
[2026-04-09 10:49:30.371 PM] info: 	Server is running on http://localhost:3000
[2026-04-09 10:49:31.099 PM] info: 	Connected to MongoDB
[2026-04-09 10:53:20.964 PM] info: 	Server is running on http://localhost:3000
[2026-04-09 10:53:21.785 PM] info: 	Connected to MongoDB
[2026-04-09 10:53:26.733 PM] info: 	Server is running on http://localhost:3000
[2026-04-09 10:53:27.476 PM] info: 	Connected to MongoDB
[2026-04-09 11:31:35.990 PM] info: 	Server is running on http://localhost:3000
[2026-04-09 11:31:36.841 PM] info: 	Connected to MongoDB
[2026-04-09 11:38:33.847 PM] info: 	Server is running on http://localhost:3000
[2026-04-10 09:58:23.039 AM] info: 	Server is running on http://localhost:3000
[2026-04-10 09:58:23.854 AM] info: 	Connected to MongoDB
[2026-04-10 10:16:42.087 AM] info: 	Server is running on http://localhost:3000
[2026-04-10 10:16:43.050 AM] info: 	Connected to MongoDB
[2026-04-10 10:18:01.677 AM] info: 	Server is running on http://localhost:3000
[2026-04-10 10:18:02.556 AM] info: 	Connected to MongoDB
[2026-04-10 10:18:19.947 AM] info: 	Server is running on http://localhost:3000
[2026-04-10 10:18:20.750 AM] info: 	Connected to MongoDB
[2026-04-10 11:10:33.755 AM] info: 	Server is running on http://localhost:3000
[2026-04-10 11:10:34.587 AM] info: 	Connected to MongoDB
[2026-04-10 11:25:53.750 AM] info: 	Server is running on http://localhost:3000
[2026-04-10 11:25:54.507 AM] info: 	Connected to MongoDB
[2026-04-10 01:39:29.683 PM] info: 	Server is running on http://localhost:3000
[2026-04-10 01:39:30.417 PM] info: 	Connected to MongoDB
[2026-04-10 01:47:01.225 PM] info: 	Server is running on http://localhost:3000
[2026-04-10 03:57:58.852 PM] info: 	Server is running on http://localhost:3000
[2026-04-10 03:57:59.769 PM] info: 	Connected to MongoDB
[2026-04-10 04:11:15.820 PM] info: 	Server is running on http://localhost:3000
[2026-04-10 04:11:16.592 PM] info: 	Connected to MongoDB
[2026-04-10 04:11:23.044 PM] info: 	Server is running on http://localhost:3000
[2026-04-10 04:11:23.735 PM] info: 	Connected to MongoDB
[2026-04-10 04:11:31.083 PM] info: 	Server is running on http://localhost:3000
[2026-04-10 04:11:31.787 PM] info: 	Connected to MongoDB
[2026-04-10 04:11:52.581 PM] info: 	Server is running on http://localhost:3000
[2026-04-10 04:11:53.457 PM] info: 	Connected to MongoDB
[2026-04-10 04:14:02.909 PM] info: 	Server is running on http://localhost:3000
[2026-04-10 04:14:03.781 PM] info: 	Connected to MongoDB
[2026-04-10 04:14:16.181 PM] info: 	Server is running on http://localhost:3000
[2026-04-10 04:14:16.950 PM] info: 	Connected to MongoDB
[2026-04-10 04:18:54.205 PM] error: 	"customerLocation" is not allowed
[2026-04-10 04:19:30.138 PM] info: 	Server is running on http://localhost:3000
[2026-04-10 04:19:31.211 PM] info: 	Connected to MongoDB
[2026-04-10 04:19:37.833 PM] info: 	Server is running on http://localhost:3000
[2026-04-10 04:19:38.565 PM] info: 	Connected to MongoDB
[2026-04-10 04:31:21.495 PM] info: 	Server is running on http://localhost:3000
[2026-04-10 04:31:22.275 PM] info: 	Connected to MongoDB
[2026-04-10 04:43:42.437 PM] info: 	Server is running on http://localhost:3000
[2026-04-10 04:43:43.203 PM] info: 	Connected to MongoDB
[2026-04-10 04:55:35.044 PM] info: 	Server is running on http://localhost:3000
[2026-04-10 04:55:35.836 PM] info: 	Connected to MongoDB
[2026-04-10 04:57:43.522 PM] info: 	Server is running on http://localhost:3000
[2026-04-10 04:57:44.349 PM] info: 	Connected to MongoDB
[2026-04-10 05:15:11.519 PM] info: 	Server is running on http://localhost:3000
[2026-04-10 05:15:12.395 PM] info: 	Connected to MongoDB
[2026-04-10 05:27:55.500 PM] info: 	Server is running on http://localhost:3000
[2026-04-10 05:27:56.326 PM] info: 	Connected to MongoDB
[2026-04-10 05:28:15.520 PM] info: 	Server is running on http://localhost:3000
[2026-04-10 05:28:16.269 PM] info: 	Connected to MongoDB
[2026-04-10 05:28:34.061 PM] info: 	Server is running on http://localhost:3000
[2026-04-10 05:28:34.821 PM] info: 	Connected to MongoDB
[2026-04-10 06:04:31.943 PM] info: 	Server is running on http://localhost:3000
[2026-04-10 06:04:32.774 PM] info: 	Connected to MongoDB
[2026-04-10 06:05:47.412 PM] info: 	Server is running on http://localhost:3000
[2026-04-10 06:05:50.306 PM] info: 	Server is running on http://localhost:3000
[2026-04-10 06:05:51.070 PM] info: 	Connected to MongoDB
[2026-04-10 06:06:01.257 PM] info: 	Server is running on http://localhost:3000
[2026-04-10 06:06:02.114 PM] info: 	Connected to MongoDB
[2026-04-10 06:06:37.908 PM] info: 	Server is running on http://localhost:3000
[2026-04-10 06:06:38.580 PM] info: 	Connected to MongoDB
[2026-04-10 06:07:56.093 PM] info: 	Server is running on http://localhost:3000
[2026-04-10 06:07:57.092 PM] info: 	Connected to MongoDB
[2026-04-10 06:08:07.799 PM] info: 	Server is running on http://localhost:3000
[2026-04-10 06:08:08.591 PM] info: 	Connected to MongoDB
[2026-04-10 06:55:23.824 PM] info: 	Server is running on http://localhost:3000
[2026-04-10 06:55:24.789 PM] info: 	Connected to MongoDB
[2026-04-10 07:04:17.379 PM] info: 	Server is running on http://localhost:3000
[2026-04-10 07:04:18.484 PM] info: 	Connected to MongoDB
[2026-04-10 07:21:10.975 PM] info: 	Server is running on http://localhost:3000
[2026-04-10 07:21:12.059 PM] info: 	Connected to MongoDB
[2026-04-10 07:21:17.803 PM] info: 	Server is running on http://localhost:3000
[2026-04-10 07:21:18.610 PM] info: 	Connected to MongoDB
[2026-04-10 07:33:15.970 PM] info: 	Server is running on http://localhost:3000
[2026-04-10 07:33:16.997 PM] info: 	Connected to MongoDB
[2026-04-13 07:15:44.000 PM] info: 	Server is running on http://localhost:3000
[2026-04-13 07:15:44.915 PM] info: 	Connected to MongoDB
[2026-04-13 09:14:34.113 PM] info: 	Server is running on http://localhost:3000
[2026-04-13 09:14:34.957 PM] info: 	Connected to MongoDB
[2026-04-13 09:14:39.789 PM] info: 	Server is running on http://localhost:3000
[2026-04-13 09:14:40.635 PM] info: 	Connected to MongoDB
[2026-04-13 09:14:53.114 PM] info: 	Server is running on http://localhost:3000
[2026-04-13 09:14:53.950 PM] info: 	Connected to MongoDB
[2026-04-13 09:19:56.666 PM] error: 	Not found
[2026-04-13 09:23:24.628 PM] info: 	Server is running on http://localhost:3000
[2026-04-13 09:23:26.471 PM] info: 	Connected to MongoDB
[2026-04-13 09:25:12.075 PM] info: 	Server is running on http://localhost:3000
[2026-04-13 09:25:12.920 PM] info: 	Connected to MongoDB
[2026-04-13 09:29:44.242 PM] info: 	Server is running on http://localhost:3000
[2026-04-13 09:29:45.116 PM] info: 	Connected to MongoDB
[2026-04-13 09:42:02.188 PM] info: 	Server is running on http://localhost:3000
[2026-04-13 09:42:03.106 PM] info: 	Connected to MongoDB
[2026-04-13 09:43:52.497 PM] info: 	Server is running on http://localhost:3000
[2026-04-13 09:43:55.393 PM] info: 	Connected to MongoDB
[2026-04-13 09:47:23.573 PM] info: 	Server is running on http://localhost:3000
[2026-04-13 09:47:24.684 PM] info: 	Connected to MongoDB
[2026-04-13 10:10:25.371 PM] info: 	Server is running on http://localhost:3000
[2026-04-13 10:10:26.498 PM] info: 	Connected to MongoDB
[2026-04-13 10:59:50.037 PM] info: 	Server is running on http://localhost:3000
[2026-04-13 10:59:50.850 PM] info: 	Connected to MongoDB
[2026-04-14 01:54:22.365 PM] info: 	Server is running on http://localhost:3000
[2026-04-14 01:54:23.414 PM] info: 	Connected to MongoDB
[2026-04-14 02:29:01.544 PM] info: 	Server is running on http://localhost:3000
[2026-04-14 02:29:04.628 PM] info: 	Connected to MongoDB
[2026-04-14 06:08:42.777 PM] info: 	Server is running on http://localhost:3000
[2026-04-14 06:08:43.687 PM] info: 	Connected to MongoDB
[2026-04-15 07:35:03.365 PM] info: 	Server is running on http://localhost:3000
[2026-04-15 07:35:04.484 PM] info: 	Connected to MongoDB
